# callgrind format
version: 1
creator: callgrind-3.15.0
pid: 4743
cmd:  ./mdriver -f traces/xterm.rep
part: 1


desc: I1 cache: 
desc: D1 cache: 
desc: LL cache: 

desc: Timerange: Basic block 0 - 123942058
desc: Trigger: Program termination

positions: line
events: Ir
summary: 2481276


ob=(2) ???
fl=(18) ???
fn=(630) 0x0000000000109300
0 36
cob=(3) /usr/lib/x86_64-linux-gnu/libc-2.31.so
cfi=(141) /build/glibc-ZN95T4/glibc-2.31/string/../sysdeps/x86_64/multiarch/memmove-vec-unaligned-erms.S
cfn=(466) __memcpy_avx_unaligned_erms
calls=18 225 
0 222

ob=(3)
fl=(112) /build/glibc-ZN95T4/glibc-2.31/csu/../csu/libc-start.c
fn=(350) (below main)
cob=(5) /home/szymon/malloc-Mateque89/mdriver
cfi=(118) /home/szymon/malloc-Mateque89/mdriver.c
cfn=(376) main
calls=1 229 
308 2481276

fl=(141)
fn=(466)
225 18
+1 18
+6 18
+1 18
+1 6
+1 6
+3 6
+1 6
+1 6
+1 6
+2 6
+1 6
+33 12
+1 12
+2 9
+1 9
+23 3
+1 3
+1 3
+1 3
+1 3
+4 9
+1 9
+1 9
+1 9
+1 9

ob=(5)
fl=(118)
fn=(642) eval_mm_speed
cfi=(163) /home/szymon/malloc-Mateque89/mm.c
cfn=(628) mm_realloc
calls=15 436 
841 774
cfi=(163)
cfn=(626) mm_free
calls=3569 410 
853 256609
cfi=(163)
cfn=(612) mm_malloc
calls=8329 369 
832 569709

fn=(636) fsecs
cfn=(642)
calls=1 814 
187 827092

fn=(376)
cfi=(163)
cfn=(628)
calls=15 436 
674 774
cfi=(163)
cfn=(628)
calls=15 436 
773 774
cfi=(163)
cfn=(626)
calls=3569 410 
713 256609
cfi=(163)
cfn=(612)
calls=8329 369 
648 569709
cfi=(163)
cfn=(626)
calls=3569 410 
793 256609
cfi=(163)
cfn=(612)
calls=8329 369 
757 569709
cfn=(636)
calls=1 182 
217 827092

fl=(144) /home/szymon/malloc-Mateque89/memlib.c
fn=(610) mem_sbrk
55 12621
+1 12621
+2 63105
+6 12621
+2 12621

fl=(163)
fn=(612)
369 24987
-21 24987
+21 74961
166 49974
351 49974
196 28764
349 14382
+1 28764
+1 17976
126 46740
352 23370
+1 46740
+1 13464
+2 37578
192 9000
+1 18000
-1 10695
+1 21390
374 21414
234 49464
-41 10482
+41 11178
+1 48276
-35 12366
+1 24732
+3 936
-11 936
+3 312
+42 1872
-24 312
-5 624
-16 4278
-67 12366
+45 12366
-45 12366
389 12366
171 24732
-18 3348
394 49464
258 24732
+2 24732
-89 19614
-45 9807
+49 9807
-22 9807
+9 9807
408 39228
162 15180
408 60720
-13 8691
260 8691
395 8691
258 8691
+2 17382
139 8691
268 8691
-50 17382
-30 1113
+21 1113
-21 1113
+40 1113
-40 4452
-17 17382
-45 4464
+49 2232
-18 2232
275 2232
375 25242
cfi=(144)
cfn=(610)
calls=12624 55 
* 113589
+1 25242
+3 25242
+3 25242
+1 50481
258 25236
383 25236
261 12618
404 25236
261 2559
404 5118
157 252
+1 7602
+56 312
+1 156
+28 312
-50 21078
+41 21078
-41 1359
+41 2718
380 6
258 3
+3 3
-3 3
404 3
193 23796
+3 1359
+42 2718
+7 2718
-36 1359
+38 2718
-38 7578
+12 7578
-12 7578
+12 7578
+40 19377
-12 5118

fn=(626)
410 10707
+1 21414
-1 10707
171 10707
-27 21414
410 53535
+5 10707
126 53535
415 10707
171 32121
+4 7896
417 15792
180 522
-54 348
+58 348
419 1218
234 11448
-41 546
+3 216
+38 432
+1 4941
-35 1431
+1 2862
+3 48
-11 48
+3 24
+42 48
-24 12
-5 24
-16 3024
+67 1431
-2 1431
+2 10707
-2 9276
+2 9276
+8 10707
-50 21414
-30 3537
+21 1179
+19 1179
-40 4716
-17 21414
-45 8124
+49 4062
-18 4062
434 74949
-6 7722
134 7722
428 15444
234 10752
-30 21504
-11 1758
+3 705
+38 1410
+1 18243
-35 5376
+1 10752
+3 72
-11 72
+3 18
+42 108
-24 18
-5 36
+1 18
-1 9528
+12 9528
-12 9528
+12 9528
+40 19935
-47 24
+1 12
-89 120
420 240
234 960
-41 1998
+3 879
+38 1758
+1 2997
-35 120
+1 240
+3 42
-11 42
+3 21
+42 126
-24 21
-5 42
+1 141
+24 480
-41 1746
+3 759
+38 1518
+1 2637
-35 120
+1 240
+3 54
-11 54
+3 27
+42 162
-24 27
-5 54
+1 27
-17 2814
+3 90
+42 45
+7 90
-36 45
+38 1290
-13 10680
126 5340
430 32040
126 36
430 216
243 24
-50 4176
417 11244
180 4131
-54 1377
+58 1377
-58 1377
+58 5508
419 5508
193 198
+41 495
-41 477
+3 87
+42 261
+7 174
-36 174
+38 174
-54 198
+3 99
+42 297
+7 198
-36 198
+38 198
-33 36
+1 18
-22 10680
+3 138
+42 276
+7 276
-36 138
+38 276
-4 36
-50 5202
+56 10404

fn=(628)
436 45
+2 90
-2 288
+9 72
+6 36
166 36
-22 36
+22 36
-40 72
451 36
+1 72
+4 27
171 72
+4 24
469 72
126 6
470 12
+1 12
+28 36
+1 36
126 18
fi=(146) /usr/include/x86_64-linux-gnu/bits/string_fortified.h
-92 36
fe=(163)
+92 18
501 36
fi=(146)
34 18
cob=(2)
cfi=(18)
cfn=(630)
calls=18 -34 
* 258
fe=(163)
503 36
+5 324
-51 3
260 3
458 3
148 3
457 3
258 6
+2 6
-89 9
-45 3
+49 3
-22 3
461 6
258 3
+2 3
-2 6
+2 6
-89 6
-45 3
+49 3
-22 3
+9 3
465 3
+1 36
-27 18
233 6
+1 12
-30 24
-11 24
+3 6
+38 12
+1 36
-35 6
+1 12
+3 6
-11 6
+17 15
-39 12
-45 12
+49 6
-22 6
-5 6
258 6
+2 6
-2 6
148 6
260 12
126 6
+49 6
-22 6
479 12
214 6
+1 3
-22 6
+3 3
+42 6
+7 6
-36 3
+38 6
-4 6

fl=(111) ???
fn=(348) _start
cob=(3)
cfi=(112)
cfn=(350)
calls=1 137 
0 2481276

ob=(1) /usr/lib/x86_64-linux-gnu/ld-2.31.so
fl=(1) ???
fn=(0) 0x0000000000001100
cob=(5)
cfi=(111)
cfn=(348)
calls=1 0 
0 2481276

totals: 2481276
